<?xml version="1.0" encoding="UTF-8" ?>
<testsuite tests="36" failures="0" name="org.jsonschema2pojo.rules.TypeRuleTest" time="0.091" errors="0" skipped="0">
  <properties>
    <property name="java.runtime.name" value="Java(TM) SE Runtime Environment"/>
    <property name="sun.boot.library.path" value="/home/salah/Data/Tools/Java/jdk1.8.0_121/jre/lib/amd64"/>
    <property name="java.vm.version" value="25.121-b13"/>
    <property name="java.vm.vendor" value="Oracle Corporation"/>
    <property name="maven.multiModuleProjectDirectory" value="/home/salah/sts-workspace/Jsonschema2Hibernate"/>
    <property name="java.vendor.url" value="http://java.oracle.com/"/>
    <property name="path.separator" value=":"/>
    <property name="guice.disable.misplaced.annotation.check" value="true"/>
    <property name="java.vm.name" value="Java HotSpot(TM) 64-Bit Server VM"/>
    <property name="file.encoding.pkg" value="sun.io"/>
    <property name="user.country" value="US"/>
    <property name="sun.java.launcher" value="SUN_STANDARD"/>
    <property name="sun.os.patch.level" value="unknown"/>
    <property name="java.vm.specification.name" value="Java Virtual Machine Specification"/>
    <property name="user.dir" value="/home/salah/sts-workspace/Jsonschema2Hibernate"/>
    <property name="java.runtime.version" value="1.8.0_121-b13"/>
    <property name="java.awt.graphicsenv" value="sun.awt.X11GraphicsEnvironment"/>
    <property name="java.endorsed.dirs" value="/home/salah/Data/Tools/Java/jdk1.8.0_121/jre/lib/endorsed"/>
    <property name="os.arch" value="amd64"/>
    <property name="java.io.tmpdir" value="/tmp"/>
    <property name="line.separator" value="
"/>
    <property name="java.vm.specification.vendor" value="Oracle Corporation"/>
    <property name="os.name" value="Linux"/>
    <property name="classworlds.conf" value="/home/salah/sts-workspace/.metadata/.plugins/org.eclipse.m2e.launching/launches/m2conf2805889087072988806.tmp"/>
    <property name="sun.jnu.encoding" value="UTF-8"/>
    <property name="java.library.path" value="/usr/java/packages/lib/amd64:/usr/lib64:/lib64:/lib:/usr/lib"/>
    <property name="java.specification.name" value="Java Platform API Specification"/>
    <property name="java.class.version" value="52.0"/>
    <property name="sun.management.compiler" value="HotSpot 64-Bit Tiered Compilers"/>
    <property name="os.version" value="4.4.0-93-generic"/>
    <property name="user.home" value="/home/salah"/>
    <property name="user.timezone" value="Africa/Cairo"/>
    <property name="java.awt.printerjob" value="sun.print.PSPrinterJob"/>
    <property name="file.encoding" value="UTF-8"/>
    <property name="java.specification.version" value="1.8"/>
    <property name="user.name" value="salah"/>
    <property name="java.class.path" value="/home/salah/Data/Tools/Java/IDE/sts-bundle/sts-3.9.0.RELEASE/plugins/org.eclipse.m2e.maven.runtime_1.8.0.20170516-2042/jars/plexus-classworlds-2.5.2.jar"/>
    <property name="java.vm.specification.version" value="1.8"/>
    <property name="sun.arch.data.model" value="64"/>
    <property name="java.home" value="/home/salah/Data/Tools/Java/jdk1.8.0_121/jre"/>
    <property name="sun.java.command" value="org.codehaus.plexus.classworlds.launcher.Launcher -B install"/>
    <property name="java.specification.vendor" value="Oracle Corporation"/>
    <property name="user.language" value="en"/>
    <property name="awt.toolkit" value="sun.awt.X11.XToolkit"/>
    <property name="java.vm.info" value="mixed mode"/>
    <property name="java.version" value="1.8.0_121"/>
    <property name="java.ext.dirs" value="/home/salah/Data/Tools/Java/jdk1.8.0_121/jre/lib/ext:/usr/java/packages/lib/ext"/>
    <property name="securerandom.source" value="file:/dev/./urandom"/>
    <property name="sun.boot.class.path" value="/home/salah/Data/Tools/Java/jdk1.8.0_121/jre/lib/resources.jar:/home/salah/Data/Tools/Java/jdk1.8.0_121/jre/lib/rt.jar:/home/salah/Data/Tools/Java/jdk1.8.0_121/jre/lib/sunrsasign.jar:/home/salah/Data/Tools/Java/jdk1.8.0_121/jre/lib/jsse.jar:/home/salah/Data/Tools/Java/jdk1.8.0_121/jre/lib/jce.jar:/home/salah/Data/Tools/Java/jdk1.8.0_121/jre/lib/charsets.jar:/home/salah/Data/Tools/Java/jdk1.8.0_121/jre/lib/jfr.jar:/home/salah/Data/Tools/Java/jdk1.8.0_121/jre/classes"/>
    <property name="java.vendor" value="Oracle Corporation"/>
    <property name="maven.home" value="/home/salah/sts-workspace/Jsonschema2Hibernate/EMBEDDED"/>
    <property name="file.separator" value="/"/>
    <property name="java.vendor.url.bug" value="http://bugreport.sun.com/bugreport/"/>
    <property name="sun.cpu.endian" value="little"/>
    <property name="sun.io.unicode.encoding" value="UnicodeLittle"/>
    <property name="sun.desktop" value="gnome"/>
    <property name="sun.cpu.isalist" value=""/>
  </properties>
  <testcase classname="org.jsonschema2pojo.rules.TypeRuleTest" name="applyGeneratesNullAsObject" time="0"/>
  <testcase classname="org.jsonschema2pojo.rules.TypeRuleTest" name="applyGeneratesIntegerUsingJavaTypeInteger" time="0.035"/>
  <testcase classname="org.jsonschema2pojo.rules.TypeRuleTest" name="applyGeneratesIntegerUsingJavaTypeBigInteger" time="0.001"/>
  <testcase classname="org.jsonschema2pojo.rules.TypeRuleTest" name="applyGeneratesBigDecimalOverridingDouble" time="0"/>
  <testcase classname="org.jsonschema2pojo.rules.TypeRuleTest" name="applyGeneratesNumberUsingJavaTypeDoublePrimitive" time="0"/>
  <testcase classname="org.jsonschema2pojo.rules.TypeRuleTest" name="applyGeneratesIntegerUsingJavaTypeLongPrimitiveWhenMaximumGreaterThanIntegerMax" time="0.001"/>
  <testcase classname="org.jsonschema2pojo.rules.TypeRuleTest" name="applyGeneratesBigIntegerOverridingLong" time="0.001"/>
  <testcase classname="org.jsonschema2pojo.rules.TypeRuleTest" name="applyGeneratesDate" time="0.009"/>
  <testcase classname="org.jsonschema2pojo.rules.TypeRuleTest" name="applyGeneratesIntegerUsingJavaTypeLongWhenMaximumGreaterThanIntegerMax" time="0.001"/>
  <testcase classname="org.jsonschema2pojo.rules.TypeRuleTest" name="applyGeneratesIntegerUsingJavaTypeLongPrimitiveWhenMinimumLessThanIntegerMin" time="0.001"/>
  <testcase classname="org.jsonschema2pojo.rules.TypeRuleTest" name="applyGeneratesBigDecimal" time="0.002"/>
  <testcase classname="org.jsonschema2pojo.rules.TypeRuleTest" name="applyGeneratesIntegerUsingJavaTypeLongPrimitiveWhenMaximumLessThanIntegerMin" time="0"/>
  <testcase classname="org.jsonschema2pojo.rules.TypeRuleTest" name="applyGeneratesInteger" time="0.001"/>
  <testcase classname="org.jsonschema2pojo.rules.TypeRuleTest" name="applyGeneratesBigInteger" time="0"/>
  <testcase classname="org.jsonschema2pojo.rules.TypeRuleTest" name="applyGeneratesCustomObject" time="0.005"/>
  <testcase classname="org.jsonschema2pojo.rules.TypeRuleTest" name="applyGeneratesNumberUsingJavaTypeDouble" time="0.002"/>
  <testcase classname="org.jsonschema2pojo.rules.TypeRuleTest" name="applyGeneratesIntegerUsingJavaTypeLongPrimitive" time="0.001"/>
  <testcase classname="org.jsonschema2pojo.rules.TypeRuleTest" name="applyGeneratesIntegerUsingJavaTypeLong" time="0.001"/>
  <testcase classname="org.jsonschema2pojo.rules.TypeRuleTest" name="applyDefaultsToTypeAnyObject" time="0"/>
  <testcase classname="org.jsonschema2pojo.rules.TypeRuleTest" name="applyGeneratesAnyAsObject" time="0"/>
  <testcase classname="org.jsonschema2pojo.rules.TypeRuleTest" name="applyGeneratesNumberUsingJavaTypeFloat" time="0.001"/>
  <testcase classname="org.jsonschema2pojo.rules.TypeRuleTest" name="applyGeneratesNumberUsingJavaTypeFloatPrimitive" time="0.001"/>
  <testcase classname="org.jsonschema2pojo.rules.TypeRuleTest" name="applyGeneratesNumberUsingJavaTypeBigDecimal" time="0.001"/>
  <testcase classname="org.jsonschema2pojo.rules.TypeRuleTest" name="applyGeneratesIntegerPrimitive" time="0.004"/>
  <testcase classname="org.jsonschema2pojo.rules.TypeRuleTest" name="applyGeneratesIntegerUsingJavaTypeIntegerPrimitive" time="0"/>
  <testcase classname="org.jsonschema2pojo.rules.TypeRuleTest" name="applyGeneratesNumberPrimitive" time="0.001"/>
  <testcase classname="org.jsonschema2pojo.rules.TypeRuleTest" name="applyGeneratesBooleanPrimitive" time="0"/>
  <testcase classname="org.jsonschema2pojo.rules.TypeRuleTest" name="applyGeneratesNumber" time="0.001"/>
  <testcase classname="org.jsonschema2pojo.rules.TypeRuleTest" name="applyGeneratesIntegerUsingJavaTypeLongPrimitiveWhenMinimumGreaterThanIntegerMax" time="0.001"/>
  <testcase classname="org.jsonschema2pojo.rules.TypeRuleTest" name="applyGeneratesString" time="0.001"/>
  <testcase classname="org.jsonschema2pojo.rules.TypeRuleTest" name="applyGeneratesArray" time="0.014"/>
  <testcase classname="org.jsonschema2pojo.rules.TypeRuleTest" name="applyGeneratesIntegerUsingJavaTypeLongWhenMinimumLessThanIntegerMin" time="0.001"/>
  <testcase classname="org.jsonschema2pojo.rules.TypeRuleTest" name="applyChoosesObjectOnUnrecognizedType" time="0"/>
  <testcase classname="org.jsonschema2pojo.rules.TypeRuleTest" name="applyGeneratesIntegerUsingJavaTypeLongWhenMaximumLessThanIntegerMin" time="0.001"/>
  <testcase classname="org.jsonschema2pojo.rules.TypeRuleTest" name="applyGeneratesBoolean" time="0.001"/>
  <testcase classname="org.jsonschema2pojo.rules.TypeRuleTest" name="applyGeneratesIntegerUsingJavaTypeLongWhenMinimumGreaterThanIntegerMax" time="0.002"/>
</testsuite>